<?xml version="1.0" encoding="UTF-8"?>
<!-- Generated by org.testng.reporters.JUnitReportReporter -->
<testsuite hostname="Hanu_Singh" failures="0" tests="5" name="com.inetbanking.testCases.TC_LoginTest_002" time="70.153" errors="0" timestamp="2022-05-12T11:01:00 IST" skipped="0">
  <testcase classname="com.inetbanking.testCases.TC_LoginTest_002" name="loginDDT" time="17.179"/>
  <system-out/>
  <testcase classname="com.inetbanking.testCases.TC_LoginTest_002" name="loginDDT" time="14.428"/>
  <system-out/>
  <testcase classname="com.inetbanking.testCases.TC_LoginTest_002" name="loginDDT" time="12.321"/>
  <system-out/>
  <testcase classname="com.inetbanking.testCases.TC_LoginTest_002" name="loginDDT" time="14.167"/>
  <system-out/>
  <testcase classname="com.inetbanking.testCases.TC_LoginTest_002" name="loginDDT" time="12.058"/>
  <system-out/>
</testsuite> <!-- com.inetbanking.testCases.TC_LoginTest_002 -->
