<?xml version="1.0" encoding="UTF-8"?>
<!-- Generated by org.testng.reporters.JUnitReportReporter -->
<testsuite hostname="Hanu_Singh" failures="0" tests="1" name="com.inetbanking.pageObjects.BaseClass" time="7.384" errors="0" timestamp="2022-04-23T12:47:52 IST" skipped="0">
  <testcase classname="com.inetbanking.pageObjects.BaseClass" name="method" time="7.384"/>
  <system-out/>
</testsuite> <!-- com.inetbanking.pageObjects.BaseClass -->
