<?xml version="1.0" encoding="UTF-8"?>
<!-- Generated by org.testng.reporters.JUnitReportReporter -->
<testsuite hostname="Hanu_Singh" failures="0" tests="1" name="com.inetbanking.testCases.TC_AddCustomerTest_003" time="22.847" errors="0" timestamp="2022-05-12T11:01:00 IST" skipped="0">
  <testcase classname="com.inetbanking.testCases.TC_AddCustomerTest_003" name="addNewCustomer" time="22.847"/>
  <system-out/>
</testsuite> <!-- com.inetbanking.testCases.TC_AddCustomerTest_003 -->
