<?xml version="1.0" encoding="UTF-8"?>
<!-- Generated by org.testng.reporters.JUnitReportReporter -->
<testsuite hostname="Hanu_Singh" failures="0" tests="5" name="com.inetbanking.testCases.TC_LoginTest_002" time="72.244" errors="0" timestamp="2022-05-12T14:49:00 IST" skipped="0">
  <testcase classname="com.inetbanking.testCases.TC_LoginTest_002" name="loginDDT" time="12.187"/>
  <system-out/>
  <testcase classname="com.inetbanking.testCases.TC_LoginTest_002" name="loginDDT" time="15.643"/>
  <system-out/>
  <testcase classname="com.inetbanking.testCases.TC_LoginTest_002" name="loginDDT" time="14.695"/>
  <system-out/>
  <testcase classname="com.inetbanking.testCases.TC_LoginTest_002" name="loginDDT" time="12.224"/>
  <system-out/>
  <testcase classname="com.inetbanking.testCases.TC_LoginTest_002" name="loginDDT" time="17.495"/>
  <system-out/>
</testsuite> <!-- com.inetbanking.testCases.TC_LoginTest_002 -->
